make all --print-data-base --no-builtin-variables --no-builtin-rules --question
# GNU Make 3.81
# Copyright (C) 2006  Free Software Foundation, Inc.
# This is free software; see the source for copying conditions.
# There is NO warranty; not even for MERCHANTABILITY or FITNESS FOR A
# PARTICULAR PURPOSE.

# This program built for i386-apple-darwin11.3.0
 

<<<<<<< HEAD
# Make data base, printed on Mon Aug 29 10:23:01 2022
=======
# Make data base, printed on Fri Aug 26 08:47:28 2022
>>>>>>> c71beeda7d9f19c47061db493a1ba85c24359ab9

# Variables

# automatic
<D = $(patsubst %/,%,$(dir $<))
# automatic
?F = $(notdir $?)
# environment
VSCODE_LOG_NATIVE = false
# automatic
?D = $(patsubst %/,%,$(dir $?))
# makefile (from `Makefile', line 14)
CPPFLAGS := -Wall -Wextra -Werror -std=c++98
# automatic
@D = $(patsubst %/,%,$(dir $@))
# automatic
@F = $(notdir $@)
# makefile
CURDIR := /Users/sheeed/new_irc
# makefile
SHELL = /bin/sh
# environment
VSCODE_NLS_CONFIG = {"locale":"en-us","availableLanguages":{},"_languagePackSupport":true}
# environment
_ = /usr/bin/make
 
# makefile (from `Makefile', line 1)
MAKEFILE_LIST :=  Makefile
# makefile (from `Makefile', line 15)
ARGUMENTS = 6667 password
# environment
VSCODE_VERBOSE_LOGGING = true
# environment
<<<<<<< HEAD
VSCODE_IPC_HOOK_EXTHOST = /var/folders/zz/zyxvpxvq6csfxvn_n000c_nh0032nc/T/vscode-ipc-4cddf15b-8711-4e7a-99bb-f27825fb4d29.sock
=======
__CFBundleIdentifier = com.microsoft.VSCode
# environment
INFOPATH = /opt/homebrew/share/info:
# environment
VSCODE_IPC_HOOK_EXTHOST = /var/folders/7m/fxy0vfzx7xs_km81r92y96j40000gn/T/vscode-ipc-54bbf12c-5d01-4576-8363-6d9aa35cd4dc.sock
>>>>>>> c71beeda7d9f19c47061db493a1ba85c24359ab9
# environment
VSCODE_CWD = /
# environment
PATH = /opt/homebrew/bin:/opt/homebrew/sbin:/usr/local/bin:/usr/bin:/bin:/usr/sbin:/sbin:/Library/Apple/usr/bin
# environment
LSCOLORS = Gxfxcxdxbxegedabagacad
# environment
VSCODE_LOG_STACK = false
# environment
ELECTRON_RUN_AS_NODE = 1
# default
.FEATURES := target-specific order-only second-expansion else-if archives jobserver check-symlink
# environment
<<<<<<< HEAD
SSH_AUTH_SOCK = /private/tmp/com.apple.launchd.blm2zf5pxs/Listeners
=======
SSH_AUTH_SOCK = /private/tmp/com.apple.launchd.HZRHnfXK0K/Listeners
>>>>>>> c71beeda7d9f19c47061db493a1ba85c24359ab9
# automatic
%F = $(notdir $%)
# environment
VSCODE_PIPE_LOGGING = true
# makefile (from `Makefile', line 19)
OBJS := object_files/client.o object_files/Command_Handler.o object_files/main.o object_files/server.o
# environment
PWD = /Users/sheeed/new_irc
# environment
HOMEBREW_CELLAR = /opt/homebrew/Cellar
# environment
ORIGINAL_XDG_CURRENT_DESKTOP = undefined
# environment
MANPATH = /opt/homebrew/share/man::
# environment
VSCODE_AMD_ENTRYPOINT = vs/workbench/api/node/extensionHostProcess
# environment
HOME = /Users/sheeed
# default
MAKEFILEPATH = $(shell /usr/bin/xcode-select -print-path 2>/dev/null || echo /Developer)/Makefiles
# environment
VSCODE_CODE_CACHE_PATH = /Users/sheeed/Library/Application Support/Code/CachedData/c3511e6c69bb39013c4a4b7b9566ec1ca73fc4d5
# environment
LOGNAME = sheeed
# environment
APPLICATION_INSIGHTS_NO_DIAGNOSTIC_CHANNEL = 1
# environment
ZSH = /Users/sheeed/.oh-my-zsh
# environment
VSCODE_HANDLES_UNCAUGHT_ERRORS = true
# automatic
^D = $(patsubst %/,%,$(dir $^))
# environment
XPC_FLAGS = 0x0
# default
MAKE = $(MAKE_COMMAND)
# default
MAKECMDGOALS := all
# makefile (from `Makefile', line 17)
SRCS := client.cpp Command_Handler.cpp main.cpp server.cpp
# environment
SHLVL = 1
# makefile (from `Makefile', line 13)
CC := c++
# default
MAKE_VERSION := 3.81
# environment
USER = sheeed
# makefile
.DEFAULT_GOAL := all
# makefile (from `Makefile', line 16)
NAME := irc
# environment
LESS = -R
# automatic
%D = $(patsubst %/,%,$(dir $%))
# default
MAKE_COMMAND := /Library/Developer/CommandLineTools/usr/bin/make
# default
.VARIABLES := 
# environment
TMPDIR = /var/folders/7m/fxy0vfzx7xs_km81r92y96j40000gn/T/
# automatic
*F = $(notdir $*)
# environment
VSCODE_IPC_HOOK = /Users/sheeed/Library/Application Support/Code/1.67.2-main.sock
# makefile
MAKEFLAGS = Rrqp
# environment
MFLAGS = -Rrqp
# automatic
*D = $(patsubst %/,%,$(dir $*))
# environment
XPC_SERVICE_NAME = application.com.microsoft.VSCode.2032222.2032228
# makefile (from `Makefile', line 18)
OBJS_DIR := object_files
# environment
HOMEBREW_PREFIX = /opt/homebrew
# automatic
+D = $(patsubst %/,%,$(dir $+))
# automatic
+F = $(notdir $+)
# environment
HOMEBREW_REPOSITORY = /opt/homebrew
# environment
__CF_USER_TEXT_ENCODING = 0x1F5:0x0:0x52
# environment
COMMAND_MODE = unix2003
# default
MAKEFILES := 
# automatic
<F = $(notdir $<)
# environment
PAGER = less
# environment
LC_ALL = C
# automatic
^F = $(notdir $^)
# default
SUFFIXES := 
# default
.INCLUDE_DIRS = /usr/local/include
# environment
MAKELEVEL := 0
# environment
LANG = C
# environment
<<<<<<< HEAD
VSCODE_PID = 92761
=======
VSCODE_PID = 46043
>>>>>>> c71beeda7d9f19c47061db493a1ba85c24359ab9
# variable set hash-table stats:
# Load=78/1024=8%, Rehash=0, Collisions=6/113=5%

# Pattern-specific Variable Values

# No pattern-specific variable values.

# Directories

# . (device 16777230, inode 2859043): 15 files, no impossibilities.

# 15 files, no impossibilities in 1 directories.

# Implicit Rules
 

object_files/%.o: %.cpp
#  commands to execute (from `Makefile', line 25):
	@mkdir -p $(OBJS_DIR)
	@$(CC) $(CPPFLAGS) -o $@ -c $^
	

# 1 implicit rules, 0 (0.0%) terminal.

# Files

# Not a target:
object_files/main.o:
#  Implicit rule search has not been done.
#  Modification time never checked.
#  File has not been updated.

all: irc
#  Phony target (prerequisite of .PHONY).
#  Command-line target.
#  Implicit rule search has not been done.
#  File does not exist.
#  File has been updated.
#  Needs to be updated (-q is set).
# variable set hash-table stats:
# Load=0/32=0%, Rehash=0, Collisions=0/5=0%
#  commands to execute (from `Makefile', line 22):
	@echo "Usage: ./irc  port password - To begin running the server"
	

.PHONY: all clean fclean re debugflags debug
#  Implicit rule search has not been done.
#  Modification time never checked.
#  File has not been updated.

# Not a target:
.SUFFIXES:
#  Implicit rule search has not been done.
#  Modification time never checked.
#  File has not been updated.

# Not a target:
Makefile:
#  Implicit rule search has been done.
<<<<<<< HEAD
#  Last modified 2022-08-24 14:34:04
=======
#  Last modified 2022-08-26 08:47:24
>>>>>>> c71beeda7d9f19c47061db493a1ba85c24359ab9
#  File has been updated.
#  Successfully updated.
# variable set hash-table stats:
# Load=0/32=0%, Rehash=0, Collisions=0/0=0%

debug:
#  Phony target (prerequisite of .PHONY).
#  Implicit rule search has not been done.
#  File does not exist.
#  File has not been updated.

irc: object_files/client.o object_files/Command_Handler.o object_files/main.o object_files/server.o
#  Implicit rule search has not been done.
#  File does not exist.
#  File has been updated.
#  Needs to be updated (-q is set).
# variable set hash-table stats:
# Load=0/32=0%, Rehash=0, Collisions=0/5=0%
#  commands to execute (from `Makefile', line 29):
	@$(CC) $(CPPFLAGS) $(OBJS) -o $(NAME)
	

fclean: clean
#  Phony target (prerequisite of .PHONY).
#  Implicit rule search has not been done.
#  File does not exist.
#  File has not been updated.
#  commands to execute (from `Makefile', line 37):
	rm -rf $(NAME)
	

# Not a target:
.DEFAULT:
#  Implicit rule search has not been done.
#  Modification time never checked.
#  File has not been updated.

object_files/client.o: client.cpp
#  Implicit rule search has been done.
#  Implicit/static pattern stem: `client'
#  File does not exist.
#  File has been updated.
#  Needs to be updated (-q is set).
# automatic
# @ := object_files/client.o
# automatic
# % := 
# automatic
# * := client
# automatic
# + := client.cpp
# automatic
# | := 
# automatic
# < := client.cpp
# automatic
# ^ := client.cpp
# automatic
# ? := client.cpp
# variable set hash-table stats:
# Load=8/32=25%, Rehash=0, Collisions=1/15=7%
#  commands to execute (from `Makefile', line 25):
	@mkdir -p $(OBJS_DIR)
	@$(CC) $(CPPFLAGS) -o $@ -c $^
	

re: fclean all
#  Phony target (prerequisite of .PHONY).
#  Implicit rule search has not been done.
#  File does not exist.
#  File has not been updated.

run: all
#  Implicit rule search has not been done.
#  Modification time never checked.
#  File has not been updated.
#  commands to execute (from `Makefile', line 31):
	./$(NAME) $(ARGUMENTS)
	

# Not a target:
client.cpp:
#  Implicit rule search has been done.
#  Last modified 2022-08-25 18:37:41
#  File has been updated.
#  Successfully updated.
# variable set hash-table stats:
# Load=0/32=0%, Rehash=0, Collisions=0/0=0%

clean:
#  Phony target (prerequisite of .PHONY).
#  Implicit rule search has not been done.
#  File does not exist.
#  File has not been updated.
#  commands to execute (from `Makefile', line 34):
	rm -rf $(OBJS_DIR) $(OBJS)
	

# Not a target:
object_files/server.o:
#  Implicit rule search has not been done.
#  Modification time never checked.
#  File has not been updated.

debugflags:
#  Phony target (prerequisite of .PHONY).
#  Implicit rule search has not been done.
#  File does not exist.
#  File has not been updated.

# Not a target:
object_files/Command_Handler.o:
#  Implicit rule search has not been done.
#  Modification time never checked.
#  File has not been updated.

# files hash-table stats:
# Load=17/1024=2%, Rehash=0, Collisions=0/48=0%
# VPATH Search Paths

# No `vpath' search paths.

# No general (`VPATH' variable) search path.

# # of strings in strcache: 1
# # of strcache buffers: 1
# strcache size: total = 4096 / max = 4096 / min = 4096 / avg = 4096
# strcache free: total = 4087 / max = 4087 / min = 4087 / avg = 4087

<<<<<<< HEAD
# Finished Make data base on Mon Aug 29 10:23:01 2022
=======
# Finished Make data base on Fri Aug 26 08:47:28 2022
>>>>>>> c71beeda7d9f19c47061db493a1ba85c24359ab9

 
